<?xml version="1.0" encoding="UTF-8"?>
<testng-results ignored="0" total="1" passed="1" failed="0" skipped="0">
  <reporter-output>
  </reporter-output>
  <suite started-at="2026-02-12T18:18:59 UTC" name="Default suite" finished-at="2026-02-12T18:19:24 UTC" duration-ms="24519">
    <groups>
      <group name="cucumber">
        <method signature="AbstractTestNGCucumberTests.runScenario(io.cucumber.testng.PickleWrapper,io.cucumber.testng.FeatureWrapper)[pri:0, instance:comparsion_demo.testRunner@24313fcc]" name="runScenario" class="io.cucumber.testng.AbstractTestNGCucumberTests"/>
      </group> <!-- cucumber -->
    </groups>
    <test started-at="2026-02-12T18:18:59 UTC" name="Default test" finished-at="2026-02-12T18:19:24 UTC" duration-ms="24519">
      <class name="comparsion_demo.testRunner">
        <test-method is-config="true" signature="setUpClass(org.testng.ITestContext)[pri:0, instance:comparsion_demo.testRunner@24313fcc]" started-at="2026-02-12T18:19:00 UTC" name="setUpClass" finished-at="2026-02-12T18:19:00 UTC" duration-ms="442" status="PASS">
          <params>
            <param index="0">
              <value>
                <![CDATA[org.testng.TestRunner@1c240cf2]]>
              </value>
            </param>
          </params>
          <reporter-output>
          </reporter-output>
        </test-method> <!-- setUpClass -->
        <test-method signature="runScenario(io.cucumber.testng.PickleWrapper,io.cucumber.testng.FeatureWrapper)[pri:0, instance:comparsion_demo.testRunner@24313fcc]" started-at="2026-02-12T18:19:00 UTC" name="runScenario" description="Runs Cucumber Scenarios" data-provider="scenarios" finished-at="2026-02-12T18:19:24 UTC" duration-ms="23994" status="PASS">
          <params>
            <param index="0">
              <value>
                <![CDATA["Compare product price across websites"]]>
              </value>
            </param>
            <param index="1">
              <value>
                <![CDATA["Unknown"]]>
              </value>
            </param>
          </params>
          <reporter-output>
          </reporter-output>
        </test-method> <!-- runScenario -->
        <test-method is-config="true" signature="tearDownClass()[pri:0, instance:comparsion_demo.testRunner@24313fcc]" started-at="2026-02-12T18:19:24 UTC" name="tearDownClass" finished-at="2026-02-12T18:19:24 UTC" duration-ms="44" status="PASS">
          <reporter-output>
          </reporter-output>
        </test-method> <!-- tearDownClass -->
      </class> <!-- comparsion_demo.testRunner -->
    </test> <!-- Default test -->
  </suite> <!-- Default suite -->
</testng-results>
